# JRE version: OpenJDK Runtime Environment Microsoft-8035246 (17.0.8+7) (build 17.0.8+7-LTS)
# Java VM: OpenJDK 64-Bit Server VM Microsoft-8035246 (17.0.8+7-LTS, mixed mode, sharing, tiered, compressed oops, compressed class ptrs, g1 gc, windows-amd64)
GC Precious Log:
 CPUs: 8 total, 8 available
 Memory: 16082M
 Large Page Support: Disabled
 NUMA Support: Disabled
 Compressed Oops: Enabled (32-bit)
 Heap Region Size: 1M
 Heap Min Capacity: 8M
 Heap Initial Capacity: 252M
 Heap Max Capacity: 2G
 Pre-touch: Disabled
 Parallel Workers: 8
 Concurrent Workers: 2
 Concurrent Refinement Workers: 8
 Periodic GC: Disabled
Heap:
 garbage-first heap   total 430080K, used 220647K [0x0000000080000000, 0x0000000100000000)
  region size 1024K, 25 young (25600K), 7 survivors (7168K)
 Metaspace       used 104002K, committed 105088K, reserved 557056K
  class space    used 14419K, committed 14912K, reserved 425984K
GC Heap History (20 events):
Event: 21.675 GC heap before
{Heap before GC invocations=36 (full 0):
 garbage-first heap   total 215040K, used 171116K [0x0000000080000000, 0x0000000100000000)
  region size 1024K, 66 young (67584K), 11 survivors (11264K)
 Metaspace       used 89197K, committed 90112K, reserved 557056K
  class space    used 12536K, committed 12992K, reserved 425984K
}
Event: 21.684 GC heap after
{Heap after GC invocations=37 (full 0):
 garbage-first heap   total 215040K, used 129709K [0x0000000080000000, 0x0000000100000000)
  region size 1024K, 9 young (9216K), 9 survivors (9216K)
 Metaspace       used 89197K, committed 90112K, reserved 557056K
  class space    used 12536K, committed 12992K, reserved 425984K
}
Event: 21.926 GC heap before
{Heap before GC invocations=37 (full 0):
 garbage-first heap   total 215040K, used 173741K [0x0000000080000000, 0x0000000100000000)
  region size 1024K, 50 young (51200K), 9 survivors (9216K)
 Metaspace       used 90134K, committed 91136K, reserved 557056K
  class space    used 12669K, committed 13120K, reserved 425984K
}
Event: 21.934 GC heap after
{Heap after GC invocations=38 (full 0):
 garbage-first heap   total 215040K, used 140098K [0x0000000080000000, 0x0000000100000000)
  region size 1024K, 7 young (7168K), 7 survivors (7168K)
 Metaspace       used 90134K, committed 91136K, reserved 557056K
  class space    used 12669K, committed 13120K, reserved 425984K
}
Event: 22.217 GC heap before
{Heap before GC invocations=38 (full 0):
 garbage-first heap   total 215040K, used 173890K [0x0000000080000000, 0x0000000100000000)
  region size 1024K, 40 young (40960K), 7 survivors (7168K)
 Metaspace       used 91558K, committed 92480K, reserved 557056K
  class space    used 12828K, committed 13248K, reserved 425984K
}
Event: 22.221 GC heap after
{Heap after GC invocations=39 (full 0):
 garbage-first heap   total 215040K, used 143802K [0x0000000080000000, 0x0000000100000000)
  region size 1024K, 4 young (4096K), 4 survivors (4096K)
 Metaspace       used 91558K, committed 92480K, reserved 557056K
  class space    used 12828K, committed 13248K, reserved 425984K
}
Event: 22.435 GC heap before
{Heap before GC invocations=39 (full 0):
 garbage-first heap   total 215040K, used 175546K [0x0000000080000000, 0x0000000100000000)
  region size 1024K, 35 young (35840K), 4 survivors (4096K)
 Metaspace       used 93747K, committed 94656K, reserved 557056K
  class space    used 13135K, committed 13568K, reserved 425984K
}
Event: 22.440 GC heap after
{Heap after GC invocations=40 (full 0):
 garbage-first heap   total 430080K, used 145553K [0x0000000080000000, 0x0000000100000000)
  region size 1024K, 2 young (2048K), 2 survivors (2048K)
 Metaspace       used 93747K, committed 94656K, reserved 557056K
  class space    used 13135K, committed 13568K, reserved 425984K
}
Event: 23.586 GC heap before
{Heap before GC invocations=40 (full 0):
 garbage-first heap   total 430080K, used 314513K [0x0000000080000000, 0x0000000100000000)
  region size 1024K, 167 young (171008K), 2 survivors (2048K)
 Metaspace       used 98911K, committed 99968K, reserved 557056K
  class space    used 13810K, committed 14272K, reserved 425984K
}
Event: 23.599 GC heap after
{Heap after GC invocations=41 (full 0):
 garbage-first heap   total 430080K, used 162951K [0x0000000080000000, 0x0000000100000000)
  region size 1024K, 19 young (19456K), 19 survivors (19456K)
 Metaspace       used 98911K, committed 99968K, reserved 557056K
  class space    used 13810K, committed 14272K, reserved 425984K
}
Event: 24.359 GC heap before
{Heap before GC invocations=41 (full 0):
 garbage-first heap   total 430080K, used 323719K [0x0000000080000000, 0x0000000100000000)
  region size 1024K, 177 young (181248K), 19 survivors (19456K)
 Metaspace       used 100933K, committed 102016K, reserved 557056K
  class space    used 14107K, committed 14592K, reserved 425984K
}
Event: 24.378 GC heap after
{Heap after GC invocations=42 (full 0):
 garbage-first heap   total 430080K, used 176411K [0x0000000080000000, 0x0000000100000000)
  region size 1024K, 14 young (14336K), 14 survivors (14336K)
 Metaspace       used 100933K, committed 102016K, reserved 557056K
  class space    used 14107K, committed 14592K, reserved 425984K
}
Event: 25.059 GC heap before
{Heap before GC invocations=42 (full 0):
 garbage-first heap   total 430080K, used 351515K [0x0000000080000000, 0x0000000100000000)
  region size 1024K, 166 young (169984K), 14 survivors (14336K)
 Metaspace       used 101246K, committed 102272K, reserved 557056K
  class space    used 14133K, committed 14592K, reserved 425984K
}
Event: 25.071 GC heap after
{Heap after GC invocations=43 (full 0):
 garbage-first heap   total 430080K, used 188226K [0x0000000080000000, 0x0000000100000000)
  region size 1024K, 12 young (12288K), 12 survivors (12288K)
 Metaspace       used 101246K, committed 102272K, reserved 557056K
  class space    used 14133K, committed 14592K, reserved 425984K
}
Event: 25.664 GC heap before
{Heap before GC invocations=43 (full 0):
 garbage-first heap   total 430080K, used 352066K [0x0000000080000000, 0x0000000100000000)
  region size 1024K, 161 young (164864K), 12 survivors (12288K)
 Metaspace       used 101544K, committed 102592K, reserved 557056K
  class space    used 14166K, committed 14656K, reserved 425984K
}
Event: 25.675 GC heap after
{Heap after GC invocations=44 (full 0):
 garbage-first heap   total 430080K, used 198350K [0x0000000080000000, 0x0000000100000000)
  region size 1024K, 11 young (11264K), 11 survivors (11264K)
 Metaspace       used 101544K, committed 102592K, reserved 557056K
  class space    used 14166K, committed 14656K, reserved 425984K
}
Event: 26.193 GC heap before
{Heap before GC invocations=44 (full 0):
 garbage-first heap   total 430080K, used 353998K [0x0000000080000000, 0x0000000100000000)
  region size 1024K, 155 young (158720K), 11 survivors (11264K)
 Metaspace       used 103323K, committed 104384K, reserved 557056K
  class space    used 14340K, committed 14848K, reserved 425984K
}
Event: 26.203 GC heap after
{Heap after GC invocations=45 (full 0):
 garbage-first heap   total 430080K, used 203425K [0x0000000080000000, 0x0000000100000000)
  region size 1024K, 16 young (16384K), 16 survivors (16384K)
 Metaspace       used 103323K, committed 104384K, reserved 557056K
  class space    used 14340K, committed 14848K, reserved 425984K
}
Event: 26.225 GC heap before
{Heap before GC invocations=45 (full 0):
 garbage-first heap   total 430080K, used 205473K [0x0000000080000000, 0x0000000100000000)
  region size 1024K, 19 young (19456K), 16 survivors (16384K)
 Metaspace       used 103584K, committed 104576K, reserved 557056K
  class space    used 14368K, committed 14848K, reserved 425984K
}
Event: 26.233 GC heap after
{Heap after GC invocations=46 (full 0):
 garbage-first heap   total 430080K, used 204263K [0x0000000080000000, 0x0000000100000000)
  region size 1024K, 7 young (7168K), 7 survivors (7168K)
 Metaspace       used 103584K, committed 104576K, reserved 557056K
  class space    used 14368K, committed 14848K, reserved 425984K
}

